['main_cpc_benchmark_train.py', '--pretrain_epochs', '0', '--downstream_epochs', '20', '--forward_classes', '67', '--batch_size', '128', '--latent_size', '128', '--hidden_size', '256', '--window_size', '465', '--timesteps_in', '12', '--timesteps_out', '12', '--crop_size', '4500', '--gpu_device', '1']
Device set to : 1. Selected was 1
Seed set to : 0.
Model outputpath: models/12_05_21-16-train
10344 record files found in  /home/juwin106/data/georgia/WFDB
Information for file /home/juwin106/data/georgia/WFDB/E02420
Data has shape: (5000, 12)
Header is: E02420.mat 12 500 5000 05-May-2020 09:49:17
E02420.mat 16+24 1000/mV 16 0 -39 28538 0 I
E02420.mat 16+24 1000/mV 16 0 -195 18526 0 II
E02420.mat 16+24 1000/mV 16 0 -156 -9352 0 III
E02420.mat 16+24 1000/mV 16 0 117 -23533 0 aVR
E02420.mat 16+24 1000/mV 16 0 58 -13988 0 aVL
E02420.mat 16+24 1000/mV 16 0 -175 -28262 0 aVF
E02420.mat 16+24 1000/mV 16 0 87 -16919 0 V1
E02420.mat 16+24 1000/mV 16 0 -39 14402 0 V2
E02420.mat 16+24 1000/mV 16 0 -58 1325 0 V3
E02420.mat 16+24 1000/mV 16 0 -68 9466 0 V4
E02420.mat 16+24 1000/mV 16 0 -58 -23558 0 V5
E02420.mat 16+24 1000/mV 16 0 -68 15923 0 V6
#Age: 63
#Sex: Male
#Dx: 59118001,428750005,164890007
#Rx: Unknown
#Hx: Unknown
###############
Classes found in data folder: {'11157007': 0, '111975006': 1, '164865005': 2, '164873001': 3, '164884008': 4, '164889003': 5, '164890007': 6, '164896001': 7, '164909002': 8, '164917005': 9, '164921003': 10, '164930006': 11, '164931005': 12, '164934002': 13, '17338001': 14, '195042002': 15, '195060002': 16, '195080001': 17, '195101003': 18, '195126007': 19, '233917008': 20, '251120003': 21, '251139008': 22, '251146004': 23, '251180001': 24, '251266004': 25, '251268003': 26, '253339007': 27, '253352002': 28, '266249003': 29, '270492004': 30, '27885002': 31, '284470004': 32, '39732003': 33, '413444003': 34, '425419005': 35, '425623009': 36, '426177001': 37, '426434006': 38, '426627000': 39, '426648003': 40, '426664006': 41, '426761007': 42, '426783006': 43, '426995002': 44, '427084000': 45, '427393009': 46, '428417006': 47, '428750005': 48, '429622005': 49, '445118002': 50, '445211001': 51, '47665007': 52, '49578007': 53, '55930002': 54, '59118001': 55, '59931005': 56, '63593006': 57, '6374002': 58, '67741000119109': 59, '698252002': 60, '713422000': 61, '713426002': 62, '713427006': 63, '74390002': 64, '81898007': 65, '89792004': 66}
Labels have shape (67,)
6877 record files found in  /home/juwin106/data/cpsc_train/
Information for file /home/juwin106/data/cpsc_train/A6624
Data has shape: (6500, 12)
Header is: A6624 12 500 6500 12-May-2020 12:33:59
A6624.mat 16+24 1000/mV 16 0 58 -1877 0 I
A6624.mat 16+24 1000/mV 16 0 82 -1104 0 II
A6624.mat 16+24 1000/mV 16 0 24 773 0 III
A6624.mat 16+24 1000/mV 16 0 -70 1160 0 aVR
A6624.mat 16+24 1000/mV 16 0 17 -1038 0 aVL
A6624.mat 16+24 1000/mV 16 0 53 100 0 aVF
A6624.mat 16+24 1000/mV 16 0 -104 3238 0 V1
A6624.mat 16+24 1000/mV 16 0 -101 2638 0 V2
A6624.mat 16+24 1000/mV 16 0 -141 2446 0 V3
A6624.mat 16+24 1000/mV 16 0 -221 709 0 V4
A6624.mat 16+24 1000/mV 16 0 -192 1652 0 V5
A6624.mat 16+24 1000/mV 16 0 -204 2711 0 V6
#Age: 25
#Sex: Female
#Dx: 426783006
#Rx: Unknown
#Hx: Unknown
#Sx: Unknown
###############
Classes found in data folder: {'164884008': 0, '164889003': 1, '164909002': 2, '164931005': 3, '270492004': 4, '284470004': 5, '426783006': 6, '429622005': 7, '59118001': 8}
Labels have shape (9,)
3453 record files found in  /home/juwin106/data/cpsc
Information for file /home/juwin106/data/cpsc/Q0925
Data has shape: (6000, 12)
Header is: Q0925 12 500 6000 15-May-2020 15:35:30
Q0925.mat 16+24 1000/mV 16 0 -34 -294 0 I
Q0925.mat 16+24 1000/mV 16 0 -62 1249 0 II
Q0925.mat 16+24 1000/mV 16 0 -28 1543 0 III
Q0925.mat 16+24 1000/mV 16 0 48 -602 0 aVR
Q0925.mat 16+24 1000/mV 16 0 -2 -607 0 aVL
Q0925.mat 16+24 1000/mV 16 0 -44 1648 0 aVF
Q0925.mat 16+24 1000/mV 16 0 -13 -341 0 V1
Q0925.mat 16+24 1000/mV 16 0 28 -511 0 V2
Q0925.mat 16+24 1000/mV 16 0 38 -1989 0 V3
Q0925.mat 16+24 1000/mV 16 0 -2 55 0 V4
Q0925.mat 16+24 1000/mV 16 0 -36 -1322 0 V5
Q0925.mat 16+24 1000/mV 16 0 -44 1750 0 V6
#Age: 63
#Sex: Female
#Dx: 428750005,427084000
#Rx: Unknown
#Hx: Unknown
#Sx: Unknown
###############
Classes found in data folder: {'10370003': 0, '111288001': 1, '11157007': 2, '111975006': 3, '164861001': 4, '164865005': 5, '164867002': 6, '164873001': 7, '164889003': 8, '164890007': 9, '164895002': 10, '164896001': 11, '164909002': 12, '164917005': 13, '164921003': 14, '164930006': 15, '164931005': 16, '164934002': 17, '164937009': 18, '17338001': 19, '195042002': 20, '195060002': 21, '195080001': 22, '195126007': 23, '233917008': 24, '251120003': 25, '251164006': 26, '251170000': 27, '251180001': 28, '251259000': 29, '266249003': 30, '270492004': 31, '27885002': 32, '284470004': 33, '29320008': 34, '370365005': 35, '413444003': 36, '413844008': 37, '426177001': 38, '426627000': 39, '426648003': 40, '426749004': 41, '426761007': 42, '426783006': 43, '426995002': 44, '427084000': 45, '427172004': 46, '427393009': 47, '428750005': 48, '429622005': 49, '446358003': 50, '446813000': 51, '47665007': 52, '49578007': 53, '54329005': 54, '55930002': 55, '59118001': 56, '59931005': 57, '63593006': 58, '65778007': 59, '67741000119109': 60, '698252002': 61, '704997005': 62, '713422000': 63, '713426002': 64, '713427006': 65, '74615001': 66, '75532003': 67, '77867006': 68, '81898007': 69, '82226007': 70, '89792004': 71}
Labels have shape (72,)
21837 record files found in  /home/juwin106/data/ptbxl/WFDB
Information for file /home/juwin106/data/ptbxl/WFDB/HR07306
Data has shape: (5000, 12)
Header is: HR07306 12 500 5000 04-Jun-2020 15:11:55
HR07306.mat 16+24 1000/mv 16 0 -25 -11703 0 I
HR07306.mat 16+24 1000/mv 16 0 -40 -22228 0 II
HR07306.mat 16+24 1000/mv 16 0 -15 -10540 0 III
HR07306.mat 16+24 1000/mv 16 0 33 17040 0 aVR
HR07306.mat 16+24 1000/mv 16 0 -5 -420 0 aVL
HR07306.mat 16+24 1000/mv 16 0 -27 -16289 0 aVF
HR07306.mat 16+24 1000/mv 16 0 35 -6742 0 V1
HR07306.mat 16+24 1000/mv 16 0 40 -10676 0 V2
HR07306.mat 16+24 1000/mv 16 0 -50 -12847 0 V3
HR07306.mat 16+24 1000/mv 16 0 -40 -13837 0 V4
HR07306.mat 16+24 1000/mv 16 0 -75 -12921 0 V5
HR07306.mat 16+24 1000/mv 16 0 -65 -16139 0 V6
#Age: 69
#Sex: Female
#Dx: 164865005,164951009,39732003,427084000,54329005
#Rx: Unknown
#Hx: Unknown
#Sx: Unknown
###############
Classes found in data folder: {'10370003': 0, '11157007': 1, '111975006': 2, '164861001': 3, '164865005': 4, '164873001': 5, '164884008': 6, '164889003': 7, '164890007': 8, '164909002': 9, '164917005': 10, '164931005': 11, '164934002': 12, '164947007': 13, '164951009': 14, '195042002': 15, '251120003': 16, '251146004': 17, '251180001': 18, '251200008': 19, '266249003': 20, '270492004': 21, '27885002': 22, '284470004': 23, '39732003': 24, '425419005': 25, '425623009': 26, '426177001': 27, '426434006': 28, '426761007': 29, '426783006': 30, '427084000': 31, '427393009': 32, '428750005': 33, '429622005': 34, '445118002': 35, '445211001': 36, '446358003': 37, '47665007': 38, '54329005': 39, '55930002': 40, '59931005': 41, '63593006': 42, '67198005': 43, '67741000119109': 44, '698252002': 45, '713426002': 46, '713427006': 47, '74390002': 48, '89792004': 49}
Labels have shape (50,)
10646 record files found in  /home/juwin106/data/nature
Information for file /home/juwin106/data/nature/MUSE_20180114_124313_90000
Data has shape: (5000, 12)
Header is: ###############
Classes found in data folder: {}
Labels have shape (0,)
Information for file /home/juwin106/data/ptbxl/WFDB/HR04548
Data has shape: (5000, 12)
Header is: HR04548 12 500 5000 04-Jun-2020 15:11:55
HR04548.mat 16+24 1000/mv 16 0 70 -24975 0 I
HR04548.mat 16+24 1000/mv 16 0 -825 -27096 0 II
HR04548.mat 16+24 1000/mv 16 0 -895 -2108 0 III
HR04548.mat 16+24 1000/mv 16 0 378 26034 0 aVR
HR04548.mat 16+24 1000/mv 16 0 483 -11372 0 aVL
HR04548.mat 16+24 1000/mv 16 0 -860 -14688 0 aVF
HR04548.mat 16+24 1000/mv 16 0 140 -116 0 V1
HR04548.mat 16+24 1000/mv 16 0 220 -1735 0 V2
HR04548.mat 16+24 1000/mv 16 0 -220 -13029 0 V3
HR04548.mat 16+24 1000/mv 16 0 -320 31591 0 V4
HR04548.mat 16+24 1000/mv 16 0 -110 -32581 0 V5
HR04548.mat 16+24 1000/mv 16 0 40 3286 0 V6
#Age: 62
#Sex: Female
#Dx: 164884008,284470004,39732003,426783006,445118002,713426002
#Rx: Unknown
#Hx: Unknown
#Sx: Unknown
###############
Classes found in data folder: {'10370003': 0, '11157007': 1, '111975006': 2, '164861001': 3, '164865005': 4, '164873001': 5, '164884008': 6, '164889003': 7, '164890007': 8, '164909002': 9, '164917005': 10, '164931005': 11, '164934002': 12, '164947007': 13, '164951009': 14, '195042002': 15, '251120003': 16, '251146004': 17, '251180001': 18, '251200008': 19, '266249003': 20, '270492004': 21, '27885002': 22, '284470004': 23, '39732003': 24, '425419005': 25, '425623009': 26, '426177001': 27, '426434006': 28, '426761007': 29, '426783006': 30, '427084000': 31, '427393009': 32, '428750005': 33, '429622005': 34, '445118002': 35, '445211001': 36, '446358003': 37, '47665007': 38, '54329005': 39, '55930002': 40, '59931005': 41, '63593006': 42, '67198005': 43, '67741000119109': 44, '698252002': 45, '713426002': 46, '713427006': 47, '74390002': 48, '89792004': 49}
Labels have shape (50,)
Information for file /home/juwin106/data/ptbxl/WFDB/HR12744
Data has shape: (5000, 12)
Header is: HR12744 12 500 5000 04-Jun-2020 21:57:08
HR12744.mat 16+24 1000/mv 16 0 -35 5861 0 I
HR12744.mat 16+24 1000/mv 16 0 20 1715 0 II
HR12744.mat 16+24 1000/mv 16 0 55 -4185 0 III
HR12744.mat 16+24 1000/mv 16 0 7 -4535 0 aVR
HR12744.mat 16+24 1000/mv 16 0 -45 4925 0 aVL
HR12744.mat 16+24 1000/mv 16 0 37 -1405 0 aVF
HR12744.mat 16+24 1000/mv 16 0 485 -17566 0 V1
HR12744.mat 16+24 1000/mv 16 0 -135 30912 0 V2
HR12744.mat 16+24 1000/mv 16 0 70 2750 0 V3
HR12744.mat 16+24 1000/mv 16 0 90 -8794 0 V4
HR12744.mat 16+24 1000/mv 16 0 0 -28933 0 V5
HR12744.mat 16+24 1000/mv 16 0 -150 -24179 0 V6
#Age: 58
#Sex: Male
#Dx: 426783006
#Rx: Unknown
#Hx: Unknown
#Sx: Unknown
###############
Classes found in data folder: {'10370003': 0, '11157007': 1, '111975006': 2, '164861001': 3, '164865005': 4, '164873001': 5, '164884008': 6, '164889003': 7, '164890007': 8, '164909002': 9, '164917005': 10, '164931005': 11, '164934002': 12, '164947007': 13, '164951009': 14, '195042002': 15, '251120003': 16, '251146004': 17, '251180001': 18, '251200008': 19, '266249003': 20, '270492004': 21, '27885002': 22, '284470004': 23, '39732003': 24, '425419005': 25, '425623009': 26, '426177001': 27, '426434006': 28, '426761007': 29, '426783006': 30, '427084000': 31, '427393009': 32, '428750005': 33, '429622005': 34, '445118002': 35, '445211001': 36, '446358003': 37, '47665007': 38, '54329005': 39, '55930002': 40, '59931005': 41, '63593006': 42, '67198005': 43, '67741000119109': 44, '698252002': 45, '713426002': 46, '713427006': 47, '74390002': 48, '89792004': 49}
Labels have shape (50,)
Information for file /home/juwin106/data/ptbxl/WFDB/HR05915
Data has shape: (5000, 12)
Header is: HR05915 12 500 5000 04-Jun-2020 15:11:55
HR05915.mat 16+24 1000/mv 16 0 -35 -21899 0 I
HR05915.mat 16+24 1000/mv 16 0 -60 -18676 0 II
HR05915.mat 16+24 1000/mv 16 0 -25 3220 0 III
HR05915.mat 16+24 1000/mv 16 0 48 20473 0 aVR
HR05915.mat 16+24 1000/mv 16 0 -5 20646 0 aVL
HR05915.mat 16+24 1000/mv 16 0 -42 25254 0 aVF
HR05915.mat 16+24 1000/mv 16 0 90 22474 0 V1
HR05915.mat 16+24 1000/mv 16 0 210 20559 0 V2
HR05915.mat 16+24 1000/mv 16 0 245 -6042 0 V3
HR05915.mat 16+24 1000/mv 16 0 90 -1499 0 V4
HR05915.mat 16+24 1000/mv 16 0 -30 -1751 0 V5
HR05915.mat 16+24 1000/mv 16 0 -35 -27267 0 V6
#Age: 52
#Sex: Male
#Dx: 426177001,426783006
#Rx: Unknown
#Hx: Unknown
#Sx: Unknown
###############
Classes found in data folder: {'10370003': 0, '11157007': 1, '111975006': 2, '164861001': 3, '164865005': 4, '164873001': 5, '164884008': 6, '164889003': 7, '164890007': 8, '164909002': 9, '164917005': 10, '164931005': 11, '164934002': 12, '164947007': 13, '164951009': 14, '195042002': 15, '251120003': 16, '251146004': 17, '251180001': 18, '251200008': 19, '266249003': 20, '270492004': 21, '27885002': 22, '284470004': 23, '39732003': 24, '425419005': 25, '425623009': 26, '426177001': 27, '426434006': 28, '426761007': 29, '426783006': 30, '427084000': 31, '427393009': 32, '428750005': 33, '429622005': 34, '445118002': 35, '445211001': 36, '446358003': 37, '47665007': 38, '54329005': 39, '55930002': 40, '59931005': 41, '63593006': 42, '67198005': 43, '67741000119109': 44, '698252002': 45, '713426002': 46, '713427006': 47, '74390002': 48, '89792004': 49}
Labels have shape (50,)
Information for file /home/juwin106/data/georgia/WFDB/E09303
Data has shape: (5000, 12)
Header is: E09303.mat 12 500 5000 18-May-2020 12:20:18
E09303.mat 16+24 1000/mV 16 0 -39 -349 0 I
E09303.mat 16+24 1000/mV 16 0 9 11987 0 II
E09303.mat 16+24 1000/mV 16 0 48 11760 0 III
E09303.mat 16+24 1000/mV 16 0 14 -6043 0 aVR
E09303.mat 16+24 1000/mV 16 0 -43 -5756 0 aVL
E09303.mat 16+24 1000/mV 16 0 29 12258 0 aVF
E09303.mat 16+24 1000/mV 16 0 29 -25463 0 V1
E09303.mat 16+24 1000/mV 16 0 29 11844 0 V2
E09303.mat 16+24 1000/mV 16 0 -19 12282 0 V3
E09303.mat 16+24 1000/mV 16 0 -78 -18757 0 V4
E09303.mat 16+24 1000/mV 16 0 -29 11650 0 V5
E09303.mat 16+24 1000/mV 16 0 39 18700 0 V6
#Age: 80
#Sex: Female
#Dx: 164889003,164934002
#Rx: Unknown
#Hx: Unknown
###############
Classes found in data folder: {'11157007': 0, '111975006': 1, '164865005': 2, '164873001': 3, '164884008': 4, '164889003': 5, '164890007': 6, '164896001': 7, '164909002': 8, '164917005': 9, '164921003': 10, '164930006': 11, '164931005': 12, '164934002': 13, '17338001': 14, '195042002': 15, '195060002': 16, '195080001': 17, '195101003': 18, '195126007': 19, '233917008': 20, '251120003': 21, '251139008': 22, '251146004': 23, '251180001': 24, '251266004': 25, '251268003': 26, '253339007': 27, '253352002': 28, '266249003': 29, '270492004': 30, '27885002': 31, '284470004': 32, '39732003': 33, '413444003': 34, '425419005': 35, '425623009': 36, '426177001': 37, '426434006': 38, '426627000': 39, '426648003': 40, '426664006': 41, '426761007': 42, '426783006': 43, '426995002': 44, '427084000': 45, '427393009': 46, '428417006': 47, '428750005': 48, '429622005': 49, '445118002': 50, '445211001': 51, '47665007': 52, '49578007': 53, '55930002': 54, '59118001': 55, '59931005': 56, '63593006': 57, '6374002': 58, '67741000119109': 59, '698252002': 60, '713422000': 61, '713426002': 62, '713427006': 63, '74390002': 64, '81898007': 65, '89792004': 66}
Labels have shape (67,)
Information for file /home/juwin106/data/georgia/WFDB/E04004
Data has shape: (5000, 12)
Header is: E04004.mat 12 500 5000 05-May-2020 09:49:17
E04004.mat 16+24 1000/mV 16 0 -87 -26670 0 I
E04004.mat 16+24 1000/mV 16 0 -68 6141 0 II
E04004.mat 16+24 1000/mV 16 0 19 -32200 0 III
E04004.mat 16+24 1000/mV 16 0 78 9896 0 aVR
E04004.mat 16+24 1000/mV 16 0 -53 -29761 0 aVL
E04004.mat 16+24 1000/mV 16 0 -24 19596 0 aVF
E04004.mat 16+24 1000/mV 16 0 -19 1572 0 V1
E04004.mat 16+24 1000/mV 16 0 -234 26618 0 V2
E04004.mat 16+24 1000/mV 16 0 -87 -2970 0 V3
E04004.mat 16+24 1000/mV 16 0 -302 25185 0 V4
E04004.mat 16+24 1000/mV 16 0 -409 2737 0 V5
E04004.mat 16+24 1000/mV 16 0 -87 -18204 0 V6
#Age: 75
#Sex: Male
#Dx: 164909002,426177001
#Rx: Unknown
#Hx: Unknown
###############
Classes found in data folder: {'11157007': 0, '111975006': 1, '164865005': 2, '164873001': 3, '164884008': 4, '164889003': 5, '164890007': 6, '164896001': 7, '164909002': 8, '164917005': 9, '164921003': 10, '164930006': 11, '164931005': 12, '164934002': 13, '17338001': 14, '195042002': 15, '195060002': 16, '195080001': 17, '195101003': 18, '195126007': 19, '233917008': 20, '251120003': 21, '251139008': 22, '251146004': 23, '251180001': 24, '251266004': 25, '251268003': 26, '253339007': 27, '253352002': 28, '266249003': 29, '270492004': 30, '27885002': 31, '284470004': 32, '39732003': 33, '413444003': 34, '425419005': 35, '425623009': 36, '426177001': 37, '426434006': 38, '426627000': 39, '426648003': 40, '426664006': 41, '426761007': 42, '426783006': 43, '426995002': 44, '427084000': 45, '427393009': 46, '428417006': 47, '428750005': 48, '429622005': 49, '445118002': 50, '445211001': 51, '47665007': 52, '49578007': 53, '55930002': 54, '59118001': 55, '59931005': 56, '63593006': 57, '6374002': 58, '67741000119109': 59, '698252002': 60, '713422000': 61, '713426002': 62, '713427006': 63, '74390002': 64, '81898007': 65, '89792004': 66}
Labels have shape (67,)
Information for file /home/juwin106/data/georgia/WFDB/E03977
Data has shape: (5000, 12)
Header is: E03977.mat 12 500 5000 05-May-2020 09:49:17
E03977.mat 16+24 1000/mV 16 0 -29 -1564 0 I
E03977.mat 16+24 1000/mV 16 0 -78 -20383 0 II
E03977.mat 16+24 1000/mV 16 0 -48 -18893 0 III
E03977.mat 16+24 1000/mV 16 0 53 11010 0 aVR
E03977.mat 16+24 1000/mV 16 0 9 8844 0 aVL
E03977.mat 16+24 1000/mV 16 0 -63 -19075 0 aVF
E03977.mat 16+24 1000/mV 16 0 9 23775 0 V1
E03977.mat 16+24 1000/mV 16 0 -39 14254 0 V2
E03977.mat 16+24 1000/mV 16 0 -48 -22285 0 V3
E03977.mat 16+24 1000/mV 16 0 -78 -24564 0 V4
E03977.mat 16+24 1000/mV 16 0 -48 -30161 0 V5
E03977.mat 16+24 1000/mV 16 0 -48 -19389 0 V6
#Age: 47
#Sex: Male
#Dx: 428750005,426177001
#Rx: Unknown
#Hx: Unknown
###############
Classes found in data folder: {'11157007': 0, '111975006': 1, '164865005': 2, '164873001': 3, '164884008': 4, '164889003': 5, '164890007': 6, '164896001': 7, '164909002': 8, '164917005': 9, '164921003': 10, '164930006': 11, '164931005': 12, '164934002': 13, '17338001': 14, '195042002': 15, '195060002': 16, '195080001': 17, '195101003': 18, '195126007': 19, '233917008': 20, '251120003': 21, '251139008': 22, '251146004': 23, '251180001': 24, '251266004': 25, '251268003': 26, '253339007': 27, '253352002': 28, '266249003': 29, '270492004': 30, '27885002': 31, '284470004': 32, '39732003': 33, '413444003': 34, '425419005': 35, '425623009': 36, '426177001': 37, '426434006': 38, '426627000': 39, '426648003': 40, '426664006': 41, '426761007': 42, '426783006': 43, '426995002': 44, '427084000': 45, '427393009': 46, '428417006': 47, '428750005': 48, '429622005': 49, '445118002': 50, '445211001': 51, '47665007': 52, '49578007': 53, '55930002': 54, '59118001': 55, '59931005': 56, '63593006': 57, '6374002': 58, '67741000119109': 59, '698252002': 60, '713422000': 61, '713426002': 62, '713427006': 63, '74390002': 64, '81898007': 65, '89792004': 66}
Labels have shape (67,)
Information for file /home/juwin106/data/cpsc_train/A1077
Data has shape: (6500, 12)
Header is: A1077 12 500 6500 12-May-2020 12:33:59
A1077.mat 16+24 1000/mV 16 0 -79 -3159 0 I
A1077.mat 16+24 1000/mV 16 0 -82 322 0 II
A1077.mat 16+24 1000/mV 16 0 -4 -3019 0 III
A1077.mat 16+24 1000/mV 16 0 80 -2174 0 aVR
A1077.mat 16+24 1000/mV 16 0 -38 -2141 0 aVL
A1077.mat 16+24 1000/mV 16 0 -43 -370 0 aVF
A1077.mat 16+24 1000/mV 16 0 15 -2341 0 V1
A1077.mat 16+24 1000/mV 16 0 -32 -1178 0 V2
A1077.mat 16+24 1000/mV 16 0 -58 -2139 0 V3
A1077.mat 16+24 1000/mV 16 0 -60 -2944 0 V4
A1077.mat 16+24 1000/mV 16 0 -43 1510 0 V5
A1077.mat 16+24 1000/mV 16 0 -41 -552 0 V6
#Age: 13
#Sex: Female
#Dx: 426783006
#Rx: Unknown
#Hx: Unknown
#Sx: Unknown
###############
Classes found in data folder: {'164884008': 0, '164889003': 1, '164909002': 2, '164931005': 3, '270492004': 4, '284470004': 5, '426783006': 6, '429622005': 7, '59118001': 8}
Labels have shape (9,)
Information for file /home/juwin106/data/cpsc_train/A1492
Data has shape: (6185, 12)
Header is: A1492 12 500 6185 12-May-2020 12:33:59
A1492.mat 16+24 1000/mV 16 0 -22 -33 0 I
A1492.mat 16+24 1000/mV 16 0 -36 -1 0 II
A1492.mat 16+24 1000/mV 16 0 -14 -44 0 III
A1492.mat 16+24 1000/mV 16 0 29 35 0 aVR
A1492.mat 16+24 1000/mV 16 0 -4 -1 0 aVL
A1492.mat 16+24 1000/mV 16 0 -25 13 0 aVF
A1492.mat 16+24 1000/mV 16 0 -46 42 0 V1
A1492.mat 16+24 1000/mV 16 0 -88 -1 0 V2
A1492.mat 16+24 1000/mV 16 0 -97 -41 0 V3
A1492.mat 16+24 1000/mV 16 0 -80 20 0 V4
A1492.mat 16+24 1000/mV 16 0 -66 16 0 V5
A1492.mat 16+24 1000/mV 16 0 -58 -19 0 V6
#Age: 64
#Sex: Female
#Dx: 429622005
#Rx: Unknown
#Hx: Unknown
#Sx: Unknown
###############
Classes found in data folder: {'164884008': 0, '164889003': 1, '164909002': 2, '164931005': 3, '270492004': 4, '284470004': 5, '426783006': 6, '429622005': 7, '59118001': 8}
Labels have shape (9,)
Information for file /home/juwin106/data/cpsc_train/A2220
Data has shape: (5724, 12)
Header is: A2220 12 500 5724 12-May-2020 12:33:59
A2220.mat 16+24 1000/mV 16 0 -97 -3 0 I
A2220.mat 16+24 1000/mV 16 0 -75 4 0 II
A2220.mat 16+24 1000/mV 16 0 22 -30 0 III
A2220.mat 16+24 1000/mV 16 0 86 27 0 aVR
A2220.mat 16+24 1000/mV 16 0 -60 -15 0 aVL
A2220.mat 16+24 1000/mV 16 0 -26 28 0 aVF
A2220.mat 16+24 1000/mV 16 0 -131 -12 0 V1
A2220.mat 16+24 1000/mV 16 0 -270 7 0 V2
A2220.mat 16+24 1000/mV 16 0 -249 -24 0 V3
A2220.mat 16+24 1000/mV 16 0 -194 -29 0 V4
A2220.mat 16+24 1000/mV 16 0 -178 -32 0 V5
A2220.mat 16+24 1000/mV 16 0 -337 46 0 V6
#Age: 78
#Sex: Male
#Dx: 270492004
#Rx: Unknown
#Hx: Unknown
#Sx: Unknown
###############
Classes found in data folder: {'164884008': 0, '164889003': 1, '164909002': 2, '164931005': 3, '270492004': 4, '284470004': 5, '426783006': 6, '429622005': 7, '59118001': 8}
Labels have shape (9,)
Information for file /home/juwin106/data/cpsc/Q2429
Data has shape: (12500, 12)
Header is: Q2429 12 500 12500 15-May-2020 15:35:30
Q2429.mat 16+24 1000/mV 16 0 -27 -363 0 I
Q2429.mat 16+24 1000/mV 16 0 -3 2776 0 II
Q2429.mat 16+24 1000/mV 16 0 24 3139 0 III
Q2429.mat 16+24 1000/mV 16 0 14 -1850 0 aVR
Q2429.mat 16+24 1000/mV 16 0 -26 363 0 aVL
Q2429.mat 16+24 1000/mV 16 0 10 2118 0 aVF
Q2429.mat 16+24 1000/mV 16 0 81 4676 0 V1
Q2429.mat 16+24 1000/mV 16 0 72 -1585 0 V2
Q2429.mat 16+24 1000/mV 16 0 87 -3214 0 V3
Q2429.mat 16+24 1000/mV 16 0 -164 1165 0 V4
Q2429.mat 16+24 1000/mV 16 0 -55 -4726 0 V5
Q2429.mat 16+24 1000/mV 16 0 -61 -3542 0 V6
#Age: 74
#Sex: Male
#Dx: 63593006,427172004,251120003,428750005
#Rx: Unknown
#Hx: Unknown
#Sx: Unknown
###############
Classes found in data folder: {'10370003': 0, '111288001': 1, '11157007': 2, '111975006': 3, '164861001': 4, '164865005': 5, '164867002': 6, '164873001': 7, '164889003': 8, '164890007': 9, '164895002': 10, '164896001': 11, '164909002': 12, '164917005': 13, '164921003': 14, '164930006': 15, '164931005': 16, '164934002': 17, '164937009': 18, '17338001': 19, '195042002': 20, '195060002': 21, '195080001': 22, '195126007': 23, '233917008': 24, '251120003': 25, '251164006': 26, '251170000': 27, '251180001': 28, '251259000': 29, '266249003': 30, '270492004': 31, '27885002': 32, '284470004': 33, '29320008': 34, '370365005': 35, '413444003': 36, '413844008': 37, '426177001': 38, '426627000': 39, '426648003': 40, '426749004': 41, '426761007': 42, '426783006': 43, '426995002': 44, '427084000': 45, '427172004': 46, '427393009': 47, '428750005': 48, '429622005': 49, '446358003': 50, '446813000': 51, '47665007': 52, '49578007': 53, '54329005': 54, '55930002': 55, '59118001': 56, '59931005': 57, '63593006': 58, '65778007': 59, '67741000119109': 60, '698252002': 61, '704997005': 62, '713422000': 63, '713426002': 64, '713427006': 65, '74615001': 66, '75532003': 67, '77867006': 68, '81898007': 69, '82226007': 70, '89792004': 71}
Labels have shape (72,)
Information for file /home/juwin106/data/cpsc/Q0382
Data has shape: (8021, 12)
Header is: Q0382 12 500 8021 15-May-2020 15:35:30
Q0382.mat 16+24 1000/mV 16 0 -12 17 0 I
Q0382.mat 16+24 1000/mV 16 0 -12 -19 0 II
Q0382.mat 16+24 1000/mV 16 0 0 -2 0 III
Q0382.mat 16+24 1000/mV 16 0 12 47 0 aVR
Q0382.mat 16+24 1000/mV 16 0 -6 7 0 aVL
Q0382.mat 16+24 1000/mV 16 0 -7 -19 0 aVF
Q0382.mat 16+24 1000/mV 16 0 2 133 0 V1
Q0382.mat 16+24 1000/mV 16 0 0 -14 0 V2
Q0382.mat 16+24 1000/mV 16 0 -1 42 0 V3
Q0382.mat 16+24 1000/mV 16 0 -2 22 0 V4
Q0382.mat 16+24 1000/mV 16 0 -6 -24 0 V5
Q0382.mat 16+24 1000/mV 16 0 -2 41 0 V6
#Age: 54
#Sex: Female
#Dx: 284470004,428750005,426627000
#Rx: Unknown
#Hx: Unknown
#Sx: Unknown
###############
Classes found in data folder: {'10370003': 0, '111288001': 1, '11157007': 2, '111975006': 3, '164861001': 4, '164865005': 5, '164867002': 6, '164873001': 7, '164889003': 8, '164890007': 9, '164895002': 10, '164896001': 11, '164909002': 12, '164917005': 13, '164921003': 14, '164930006': 15, '164931005': 16, '164934002': 17, '164937009': 18, '17338001': 19, '195042002': 20, '195060002': 21, '195080001': 22, '195126007': 23, '233917008': 24, '251120003': 25, '251164006': 26, '251170000': 27, '251180001': 28, '251259000': 29, '266249003': 30, '270492004': 31, '27885002': 32, '284470004': 33, '29320008': 34, '370365005': 35, '413444003': 36, '413844008': 37, '426177001': 38, '426627000': 39, '426648003': 40, '426749004': 41, '426761007': 42, '426783006': 43, '426995002': 44, '427084000': 45, '427172004': 46, '427393009': 47, '428750005': 48, '429622005': 49, '446358003': 50, '446813000': 51, '47665007': 52, '49578007': 53, '54329005': 54, '55930002': 55, '59118001': 56, '59931005': 57, '63593006': 58, '65778007': 59, '67741000119109': 60, '698252002': 61, '704997005': 62, '713422000': 63, '713426002': 64, '713427006': 65, '74615001': 66, '75532003': 67, '77867006': 68, '81898007': 69, '82226007': 70, '89792004': 71}
Labels have shape (72,)
Information for file /home/juwin106/data/cpsc/Q1948
Data has shape: (7500, 12)
Header is: Q1948 12 500 7500 15-May-2020 15:35:30
Q1948.mat 16+24 1000/mV 16 0 29 -34 0 I
Q1948.mat 16+24 1000/mV 16 0 -17 -3 0 II
Q1948.mat 16+24 1000/mV 16 0 -46 25 0 III
Q1948.mat 16+24 1000/mV 16 0 -7 -9 0 aVR
Q1948.mat 16+24 1000/mV 16 0 37 32 0 aVL
Q1948.mat 16+24 1000/mV 16 0 -31 19 0 aVF
Q1948.mat 16+24 1000/mV 16 0 200 5 0 V1
Q1948.mat 16+24 1000/mV 16 0 365 62 0 V2
Q1948.mat 16+24 1000/mV 16 0 214 21 0 V3
Q1948.mat 16+24 1000/mV 16 0 154 7 0 V4
Q1948.mat 16+24 1000/mV 16 0 203 29 0 V5
Q1948.mat 16+24 1000/mV 16 0 101 -17 0 V6
#Age: 81
#Sex: Male
#Dx: 428750005
#Rx: Unknown
#Hx: Unknown
#Sx: Unknown
###############
Classes found in data folder: {'10370003': 0, '111288001': 1, '11157007': 2, '111975006': 3, '164861001': 4, '164865005': 5, '164867002': 6, '164873001': 7, '164889003': 8, '164890007': 9, '164895002': 10, '164896001': 11, '164909002': 12, '164917005': 13, '164921003': 14, '164930006': 15, '164931005': 16, '164934002': 17, '164937009': 18, '17338001': 19, '195042002': 20, '195060002': 21, '195080001': 22, '195126007': 23, '233917008': 24, '251120003': 25, '251164006': 26, '251170000': 27, '251180001': 28, '251259000': 29, '266249003': 30, '270492004': 31, '27885002': 32, '284470004': 33, '29320008': 34, '370365005': 35, '413444003': 36, '413844008': 37, '426177001': 38, '426627000': 39, '426648003': 40, '426749004': 41, '426761007': 42, '426783006': 43, '426995002': 44, '427084000': 45, '427172004': 46, '427393009': 47, '428750005': 48, '429622005': 49, '446358003': 50, '446813000': 51, '47665007': 52, '49578007': 53, '54329005': 54, '55930002': 55, '59118001': 56, '59931005': 57, '63593006': 58, '65778007': 59, '67741000119109': 60, '698252002': 61, '704997005': 62, '713422000': 63, '713426002': 64, '713427006': 65, '74615001': 66, '75532003': 67, '77867006': 68, '81898007': 69, '82226007': 70, '89792004': 71}
Labels have shape (72,)
Classes after last update 67 {'10370003': 0, '11157007': 1, '111975006': 2, '164861001': 3, '164865005': 4, '164867002': 5, '164873001': 6, '164884008': 7, '164889003': 8, '164890007': 9, '164909002': 10, '164917005': 11, '164930006': 12, '164931005': 13, '164934002': 14, '164947007': 15, '164951009': 16, '17338001': 17, '195042002': 18, '195080001': 19, '195126007': 20, '233917008': 21, '251120003': 22, '251146004': 23, '251180001': 24, '251200008': 25, '251266004': 26, '251268003': 27, '253352002': 28, '266249003': 29, '270492004': 30, '27885002': 31, '284470004': 32, '39732003': 33, '413844008': 34, '425419005': 35, '425623009': 36, '426177001': 37, '426434006': 38, '426627000': 39, '426761007': 40, '426783006': 41, '427084000': 42, '427172004': 43, '427393009': 44, '428417006': 45, '428750005': 46, '429622005': 47, '445118002': 48, '445211001': 49, '446358003': 50, '446813000': 51, '47665007': 52, '54329005': 53, '55930002': 54, '59118001': 55, '59931005': 56, '63593006': 57, '6374002': 58, '67198005': 59, '67741000119109': 60, '698252002': 61, '713422000': 62, '713426002': 63, '713427006': 64, '74390002': 65, '89792004': 66}
Begin training of architectures_cpc.cpc_combined.CPCCombined. Output will  be saved to dir: models/12_05_21-16-train/architectures_cpc.cpc_combined.CPCCombined0
Saving full model...
	Finished training dataset 0. Progress: 1/1
	Finished vaildation dataset 0. Progress: 1/1
Epoch 1/20 done. Avg train loss: 0.1771. Avg val loss: 0.1269 Elapsed time: 0:00:52.691825
	Finished training dataset 0. Progress: 1/1
	Finished vaildation dataset 0. Progress: 1/1
Epoch 2/20 done. Avg train loss: 0.0959. Avg val loss: 0.1208 Elapsed time: 0:00:52.545548
	Finished training dataset 0. Progress: 1/1
	Finished vaildation dataset 0. Progress: 1/1
Epoch 3/20 done. Avg train loss: 0.0918. Avg val loss: 0.1181 Elapsed time: 0:00:52.499899
	Finished training dataset 0. Progress: 1/1
	Finished vaildation dataset 0. Progress: 1/1
Epoch 4/20 done. Avg train loss: 0.0901. Avg val loss: 0.1163 Elapsed time: 0:00:52.594596
	Finished training dataset 0. Progress: 1/1
	Finished vaildation dataset 0. Progress: 1/1
Epoch 5/20 done. Avg train loss: 0.0890. Avg val loss: 0.1146 Elapsed time: 0:00:52.454303
	Finished training dataset 0. Progress: 1/1
	Finished vaildation dataset 0. Progress: 1/1
Epoch 6/20 done. Avg train loss: 0.0881. Avg val loss: 0.1139 Elapsed time: 0:00:52.701335
	Finished training dataset 0. Progress: 1/1
	Finished vaildation dataset 0. Progress: 1/1
Epoch 7/20 done. Avg train loss: 0.0882. Avg val loss: 0.1120 Elapsed time: 0:00:52.351213
	Finished training dataset 0. Progress: 1/1
	Finished vaildation dataset 0. Progress: 1/1
Epoch 8/20 done. Avg train loss: 0.0875. Avg val loss: 0.1108 Elapsed time: 0:00:52.451945
	Finished training dataset 0. Progress: 1/1
	Finished vaildation dataset 0. Progress: 1/1
Epoch 9/20 done. Avg train loss: 0.0874. Avg val loss: 0.1097 Elapsed time: 0:00:52.635365
	Finished training dataset 0. Progress: 1/1
	Finished vaildation dataset 0. Progress: 1/1
Epoch 10/20 done. Avg train loss: 0.0873. Avg val loss: 0.1088 Elapsed time: 0:00:52.169175
	Finished training dataset 0. Progress: 1/1
	Finished vaildation dataset 0. Progress: 1/1
Epoch 11/20 done. Avg train loss: 0.0870. Avg val loss: 0.1082 Elapsed time: 0:00:52.752760
	Finished training dataset 0. Progress: 1/1
	Finished vaildation dataset 0. Progress: 1/1
Epoch 12/20 done. Avg train loss: 0.0869. Avg val loss: 0.1069 Elapsed time: 0:00:52.851756
	Finished training dataset 0. Progress: 1/1
	Finished vaildation dataset 0. Progress: 1/1
Epoch 13/20 done. Avg train loss: 0.0867. Avg val loss: 0.1067 Elapsed time: 0:00:51.987784
	Finished training dataset 0. Progress: 1/1
	Finished vaildation dataset 0. Progress: 1/1
Epoch 14/20 done. Avg train loss: 0.0867. Avg val loss: 0.1055 Elapsed time: 0:00:52.727514
	Finished training dataset 0. Progress: 1/1
	Finished vaildation dataset 0. Progress: 1/1
Epoch 15/20 done. Avg train loss: 0.0865. Avg val loss: 0.1053 Elapsed time: 0:00:52.655943
	Finished training dataset 0. Progress: 1/1
	Finished vaildation dataset 0. Progress: 1/1
Epoch 16/20 done. Avg train loss: 0.0865. Avg val loss: 0.1044 Elapsed time: 0:00:53.037875
	Finished training dataset 0. Progress: 1/1
	Finished vaildation dataset 0. Progress: 1/1
Epoch 17/20 done. Avg train loss: 0.0861. Avg val loss: 0.1039 Elapsed time: 0:00:52.782866
	Finished training dataset 0. Progress: 1/1
	Finished vaildation dataset 0. Progress: 1/1
Epoch 18/20 done. Avg train loss: 0.0861. Avg val loss: 0.1033 Elapsed time: 0:00:52.891711
	Finished training dataset 0. Progress: 1/1
	Finished vaildation dataset 0. Progress: 1/1
Epoch 19/20 done. Avg train loss: 0.0860. Avg val loss: 0.1026 Elapsed time: 0:00:52.313211
	Finished training dataset 0. Progress: 1/1
	Finished vaildation dataset 0. Progress: 1/1
Epoch 20/20 done. Avg train loss: 0.0859. Avg val loss: 0.1020 Elapsed time: 0:00:52.799713
saving model at epoch: 20
Finished model architectures_cpc.cpc_combined.CPCCombined. Output saved to dir: models/12_05_21-16-train/architectures_cpc.cpc_combined.CPCCombined0 Progress: 1/8
Begin training of architectures_cpc.cpc_combined.CPCCombined. Output will  be saved to dir: models/12_05_21-16-train/architectures_cpc.cpc_combined.CPCCombined1
Saving full model...
	Finished training dataset 0. Progress: 1/1
	Finished vaildation dataset 0. Progress: 1/1
Epoch 1/20 done. Avg train loss: 0.1699. Avg val loss: 0.1308 Elapsed time: 0:00:52.746483
	Finished training dataset 0. Progress: 1/1
	Finished vaildation dataset 0. Progress: 1/1
Epoch 2/20 done. Avg train loss: 0.1096. Avg val loss: 0.1286 Elapsed time: 0:00:52.002265
	Finished training dataset 0. Progress: 1/1
	Finished vaildation dataset 0. Progress: 1/1
Epoch 3/20 done. Avg train loss: 0.1090. Avg val loss: 0.1275 Elapsed time: 0:00:52.188514
	Finished training dataset 0. Progress: 1/1
	Finished vaildation dataset 0. Progress: 1/1
Epoch 4/20 done. Avg train loss: 0.1078. Avg val loss: 0.1241 Elapsed time: 0:00:52.473813
	Finished training dataset 0. Progress: 1/1
	Finished vaildation dataset 0. Progress: 1/1
Epoch 5/20 done. Avg train loss: 0.1057. Avg val loss: 0.1222 Elapsed time: 0:00:52.672278
	Finished training dataset 0. Progress: 1/1
	Finished vaildation dataset 0. Progress: 1/1
Epoch 6/20 done. Avg train loss: 0.1036. Avg val loss: 0.1224 Elapsed time: 0:00:52.573846
	Finished training dataset 0. Progress: 1/1
	Finished vaildation dataset 0. Progress: 1/1
Epoch 7/20 done. Avg train loss: 0.1017. Avg val loss: 0.1253 Elapsed time: 0:00:52.855585
	Finished training dataset 0. Progress: 1/1
	Finished vaildation dataset 0. Progress: 1/1
Epoch 8/20 done. Avg train loss: 0.1001. Avg val loss: 0.1231 Elapsed time: 0:00:53.095944
	Finished training dataset 0. Progress: 1/1
	Finished vaildation dataset 0. Progress: 1/1
Epoch 9/20 done. Avg train loss: 0.0988. Avg val loss: 0.1216 Elapsed time: 0:00:52.432690
	Finished training dataset 0. Progress: 1/1
	Finished vaildation dataset 0. Progress: 1/1
Epoch 10/20 done. Avg train loss: 0.0967. Avg val loss: 0.1225 Elapsed time: 0:00:52.974946
	Finished training dataset 0. Progress: 1/1
	Finished vaildation dataset 0. Progress: 1/1
Epoch 11/20 done. Avg train loss: 0.0944. Avg val loss: 0.1214 Elapsed time: 0:00:52.512353
	Finished training dataset 0. Progress: 1/1
	Finished vaildation dataset 0. Progress: 1/1
Epoch 12/20 done. Avg train loss: 0.0934. Avg val loss: 0.1203 Elapsed time: 0:00:52.759558
	Finished training dataset 0. Progress: 1/1
	Finished vaildation dataset 0. Progress: 1/1
Epoch 13/20 done. Avg train loss: 0.0912. Avg val loss: 0.1196 Elapsed time: 0:00:52.778390
	Finished training dataset 0. Progress: 1/1
	Finished vaildation dataset 0. Progress: 1/1
Epoch 14/20 done. Avg train loss: 0.0905. Avg val loss: 0.1193 Elapsed time: 0:00:52.788241
	Finished training dataset 0. Progress: 1/1
	Finished vaildation dataset 0. Progress: 1/1
Epoch 15/20 done. Avg train loss: 0.0902. Avg val loss: 0.1175 Elapsed time: 0:00:52.151209
	Finished training dataset 0. Progress: 1/1
	Finished vaildation dataset 0. Progress: 1/1
Epoch 16/20 done. Avg train loss: 0.0899. Avg val loss: 0.1158 Elapsed time: 0:00:52.144507
	Finished training dataset 0. Progress: 1/1
	Finished vaildation dataset 0. Progress: 1/1
Epoch 17/20 done. Avg train loss: 0.0889. Avg val loss: 0.1174 Elapsed time: 0:00:52.915993
	Finished training dataset 0. Progress: 1/1
	Finished vaildation dataset 0. Progress: 1/1
Epoch 18/20 done. Avg train loss: 0.0886. Avg val loss: 0.1150 Elapsed time: 0:00:52.836057
	Finished training dataset 0. Progress: 1/1
	Finished vaildation dataset 0. Progress: 1/1
Epoch 19/20 done. Avg train loss: 0.0883. Avg val loss: 0.1153 Elapsed time: 0:00:53.323125
	Finished training dataset 0. Progress: 1/1
	Finished vaildation dataset 0. Progress: 1/1
Epoch 20/20 done. Avg train loss: 0.0872. Avg val loss: 0.1203 Elapsed time: 0:00:52.491187
saving model at epoch: 20
Finished model architectures_cpc.cpc_combined.CPCCombined. Output saved to dir: models/12_05_21-16-train/architectures_cpc.cpc_combined.CPCCombined1 Progress: 2/8
Begin training of architectures_cpc.cpc_combined.CPCCombined. Output will  be saved to dir: models/12_05_21-16-train/architectures_cpc.cpc_combined.CPCCombined2
Saving full model...
	Finished training dataset 0. Progress: 1/1
	Finished vaildation dataset 0. Progress: 1/1
Epoch 1/20 done. Avg train loss: 0.1459. Avg val loss: 0.1522 Elapsed time: 0:00:53.402336
	Finished training dataset 0. Progress: 1/1
	Finished vaildation dataset 0. Progress: 1/1
Epoch 2/20 done. Avg train loss: 0.1005. Avg val loss: 0.1345 Elapsed time: 0:00:52.883161
	Finished training dataset 0. Progress: 1/1
	Finished vaildation dataset 0. Progress: 1/1
Epoch 3/20 done. Avg train loss: 0.0970. Avg val loss: 0.1285 Elapsed time: 0:00:53.009104
	Finished training dataset 0. Progress: 1/1
	Finished vaildation dataset 0. Progress: 1/1
Epoch 4/20 done. Avg train loss: 0.0948. Avg val loss: 0.1285 Elapsed time: 0:00:52.560618
	Finished training dataset 0. Progress: 1/1
	Finished vaildation dataset 0. Progress: 1/1
Epoch 5/20 done. Avg train loss: 0.0937. Avg val loss: 0.1194 Elapsed time: 0:00:53.226428
	Finished training dataset 0. Progress: 1/1
	Finished vaildation dataset 0. Progress: 1/1
Epoch 6/20 done. Avg train loss: 0.0897. Avg val loss: 0.1201 Elapsed time: 0:00:53.014853
	Finished training dataset 0. Progress: 1/1
	Finished vaildation dataset 0. Progress: 1/1
Epoch 7/20 done. Avg train loss: 0.0870. Avg val loss: 0.1156 Elapsed time: 0:00:52.908670
	Finished training dataset 0. Progress: 1/1
	Finished vaildation dataset 0. Progress: 1/1
Epoch 8/20 done. Avg train loss: 0.0852. Avg val loss: 0.1163 Elapsed time: 0:00:53.582990
	Finished training dataset 0. Progress: 1/1
	Finished vaildation dataset 0. Progress: 1/1
Epoch 9/20 done. Avg train loss: 0.0842. Avg val loss: 0.1143 Elapsed time: 0:00:52.841328
	Finished training dataset 0. Progress: 1/1
	Finished vaildation dataset 0. Progress: 1/1
Epoch 10/20 done. Avg train loss: 0.0830. Avg val loss: 0.1129 Elapsed time: 0:00:52.709459
	Finished training dataset 0. Progress: 1/1
	Finished vaildation dataset 0. Progress: 1/1
Epoch 11/20 done. Avg train loss: 0.0813. Avg val loss: 0.1252 Elapsed time: 0:00:52.256580
	Finished training dataset 0. Progress: 1/1
	Finished vaildation dataset 0. Progress: 1/1
Epoch 12/20 done. Avg train loss: 0.0814. Avg val loss: 0.1276 Elapsed time: 0:00:52.804709
	Finished training dataset 0. Progress: 1/1
	Finished vaildation dataset 0. Progress: 1/1
Epoch 13/20 done. Avg train loss: 0.0808. Avg val loss: 0.1286 Elapsed time: 0:00:53.009776
	Finished training dataset 0. Progress: 1/1
	Finished vaildation dataset 0. Progress: 1/1
Epoch 14/20 done. Avg train loss: 0.0802. Avg val loss: 0.1171 Elapsed time: 0:00:53.150897
	Finished training dataset 0. Progress: 1/1
	Finished vaildation dataset 0. Progress: 1/1
Epoch 15/20 done. Avg train loss: 0.0796. Avg val loss: 0.1196 Elapsed time: 0:00:52.801287
	Finished training dataset 0. Progress: 1/1
	Finished vaildation dataset 0. Progress: 1/1
Epoch 16/20 done. Avg train loss: 0.0800. Avg val loss: 0.1050 Elapsed time: 0:00:52.535496
	Finished training dataset 0. Progress: 1/1
	Finished vaildation dataset 0. Progress: 1/1
Epoch 17/20 done. Avg train loss: 0.0791. Avg val loss: 0.1111 Elapsed time: 0:00:52.913464
	Finished training dataset 0. Progress: 1/1
	Finished vaildation dataset 0. Progress: 1/1
Epoch 18/20 done. Avg train loss: 0.0783. Avg val loss: 0.1151 Elapsed time: 0:00:52.697832
	Finished training dataset 0. Progress: 1/1
	Finished vaildation dataset 0. Progress: 1/1
Epoch 19/20 done. Avg train loss: 0.0768. Avg val loss: 0.1296 Elapsed time: 0:00:52.908150
	Finished training dataset 0. Progress: 1/1
	Finished vaildation dataset 0. Progress: 1/1
Epoch 20/20 done. Avg train loss: 0.0766. Avg val loss: 0.1330 Elapsed time: 0:00:52.685528
saving model at epoch: 20
Finished model architectures_cpc.cpc_combined.CPCCombined. Output saved to dir: models/12_05_21-16-train/architectures_cpc.cpc_combined.CPCCombined2 Progress: 3/8
Begin training of architectures_cpc.cpc_combined.CPCCombined. Output will  be saved to dir: models/12_05_21-16-train/architectures_cpc.cpc_combined.CPCCombined3
Saving full model...
	Finished training dataset 0. Progress: 1/1
	Finished vaildation dataset 0. Progress: 1/1
Epoch 1/20 done. Avg train loss: 0.3600. Avg val loss: 0.2010 Elapsed time: 0:00:52.773317
	Finished training dataset 0. Progress: 1/1
	Finished vaildation dataset 0. Progress: 1/1
Epoch 2/20 done. Avg train loss: 0.1616. Avg val loss: 0.1382 Elapsed time: 0:00:52.441694
	Finished training dataset 0. Progress: 1/1
	Finished vaildation dataset 0. Progress: 1/1
Epoch 3/20 done. Avg train loss: 0.1277. Avg val loss: 0.1205 Elapsed time: 0:00:52.244293
	Finished training dataset 0. Progress: 1/1
	Finished vaildation dataset 0. Progress: 1/1
Epoch 4/20 done. Avg train loss: 0.1159. Avg val loss: 0.1127 Elapsed time: 0:00:52.839091
	Finished training dataset 0. Progress: 1/1
	Finished vaildation dataset 0. Progress: 1/1
Epoch 5/20 done. Avg train loss: 0.1100. Avg val loss: 0.1082 Elapsed time: 0:00:52.691692
	Finished training dataset 0. Progress: 1/1
	Finished vaildation dataset 0. Progress: 1/1
Epoch 6/20 done. Avg train loss: 0.1064. Avg val loss: 0.1053 Elapsed time: 0:00:52.653688
	Finished training dataset 0. Progress: 1/1
	Finished vaildation dataset 0. Progress: 1/1
Epoch 7/20 done. Avg train loss: 0.1040. Avg val loss: 0.1031 Elapsed time: 0:00:52.376997
	Finished training dataset 0. Progress: 1/1
	Finished vaildation dataset 0. Progress: 1/1
Epoch 8/20 done. Avg train loss: 0.1021. Avg val loss: 0.1016 Elapsed time: 0:00:52.201342
	Finished training dataset 0. Progress: 1/1
	Finished vaildation dataset 0. Progress: 1/1
Epoch 9/20 done. Avg train loss: 0.1006. Avg val loss: 0.1003 Elapsed time: 0:00:52.844211
	Finished training dataset 0. Progress: 1/1
	Finished vaildation dataset 0. Progress: 1/1
Epoch 10/20 done. Avg train loss: 0.0994. Avg val loss: 0.0992 Elapsed time: 0:00:52.506044
	Finished training dataset 0. Progress: 1/1
	Finished vaildation dataset 0. Progress: 1/1
Epoch 11/20 done. Avg train loss: 0.0983. Avg val loss: 0.0982 Elapsed time: 0:00:52.265937
	Finished training dataset 0. Progress: 1/1
	Finished vaildation dataset 0. Progress: 1/1
Epoch 12/20 done. Avg train loss: 0.0975. Avg val loss: 0.0974 Elapsed time: 0:00:52.077986
	Finished training dataset 0. Progress: 1/1
	Finished vaildation dataset 0. Progress: 1/1
Epoch 13/20 done. Avg train loss: 0.0968. Avg val loss: 0.0968 Elapsed time: 0:00:52.634575
	Finished training dataset 0. Progress: 1/1
	Finished vaildation dataset 0. Progress: 1/1
Epoch 14/20 done. Avg train loss: 0.0960. Avg val loss: 0.0962 Elapsed time: 0:00:52.747299
	Finished training dataset 0. Progress: 1/1
	Finished vaildation dataset 0. Progress: 1/1
Epoch 15/20 done. Avg train loss: 0.0954. Avg val loss: 0.0957 Elapsed time: 0:00:52.036801
	Finished training dataset 0. Progress: 1/1
	Finished vaildation dataset 0. Progress: 1/1
Epoch 16/20 done. Avg train loss: 0.0948. Avg val loss: 0.0952 Elapsed time: 0:00:52.602237
	Finished training dataset 0. Progress: 1/1
	Finished vaildation dataset 0. Progress: 1/1
Epoch 17/20 done. Avg train loss: 0.0944. Avg val loss: 0.0948 Elapsed time: 0:00:52.772849
	Finished training dataset 0. Progress: 1/1
	Finished vaildation dataset 0. Progress: 1/1
Epoch 18/20 done. Avg train loss: 0.0940. Avg val loss: 0.0944 Elapsed time: 0:00:52.654512
	Finished training dataset 0. Progress: 1/1
	Finished vaildation dataset 0. Progress: 1/1
Epoch 19/20 done. Avg train loss: 0.0936. Avg val loss: 0.0941 Elapsed time: 0:00:52.859563
	Finished training dataset 0. Progress: 1/1
	Finished vaildation dataset 0. Progress: 1/1
Epoch 20/20 done. Avg train loss: 0.0933. Avg val loss: 0.0937 Elapsed time: 0:00:52.405682
saving model at epoch: 20
Finished model architectures_cpc.cpc_combined.CPCCombined. Output saved to dir: models/12_05_21-16-train/architectures_cpc.cpc_combined.CPCCombined3 Progress: 4/8
Begin training of architectures_cpc.cpc_combined.CPCCombined. Output will  be saved to dir: models/12_05_21-16-train/architectures_cpc.cpc_combined.CPCCombined4
Saving full model...
	Finished training dataset 0. Progress: 1/1
	Finished vaildation dataset 0. Progress: 1/1
Epoch 1/20 done. Avg train loss: 0.1078. Avg val loss: 0.1154 Elapsed time: 0:00:52.186490
	Finished training dataset 0. Progress: 1/1
	Finished vaildation dataset 0. Progress: 1/1
Epoch 2/20 done. Avg train loss: 0.0953. Avg val loss: 0.1100 Elapsed time: 0:00:51.990456
	Finished training dataset 0. Progress: 1/1
	Finished vaildation dataset 0. Progress: 1/1
Epoch 3/20 done. Avg train loss: 0.0920. Avg val loss: 0.1075 Elapsed time: 0:00:52.067309
	Finished training dataset 0. Progress: 1/1
	Finished vaildation dataset 0. Progress: 1/1
Epoch 4/20 done. Avg train loss: 0.0906. Avg val loss: 0.1062 Elapsed time: 0:00:52.372260
	Finished training dataset 0. Progress: 1/1
	Finished vaildation dataset 0. Progress: 1/1
Epoch 5/20 done. Avg train loss: 0.0897. Avg val loss: 0.1053 Elapsed time: 0:00:51.999973
	Finished training dataset 0. Progress: 1/1
	Finished vaildation dataset 0. Progress: 1/1
Epoch 6/20 done. Avg train loss: 0.0889. Avg val loss: 0.1047 Elapsed time: 0:00:51.941823
	Finished training dataset 0. Progress: 1/1
	Finished vaildation dataset 0. Progress: 1/1
Epoch 7/20 done. Avg train loss: 0.0886. Avg val loss: 0.1038 Elapsed time: 0:00:52.220604
	Finished training dataset 0. Progress: 1/1
	Finished vaildation dataset 0. Progress: 1/1
Epoch 8/20 done. Avg train loss: 0.0881. Avg val loss: 0.1030 Elapsed time: 0:00:52.400310
	Finished training dataset 0. Progress: 1/1
	Finished vaildation dataset 0. Progress: 1/1
Epoch 9/20 done. Avg train loss: 0.0876. Avg val loss: 0.1024 Elapsed time: 0:00:52.254620
	Finished training dataset 0. Progress: 1/1
	Finished vaildation dataset 0. Progress: 1/1
Epoch 10/20 done. Avg train loss: 0.0873. Avg val loss: 0.1019 Elapsed time: 0:00:52.174474
	Finished training dataset 0. Progress: 1/1
	Finished vaildation dataset 0. Progress: 1/1
Epoch 11/20 done. Avg train loss: 0.0871. Avg val loss: 0.1018 Elapsed time: 0:00:52.509966
	Finished training dataset 0. Progress: 1/1
	Finished vaildation dataset 0. Progress: 1/1
Epoch 12/20 done. Avg train loss: 0.0869. Avg val loss: 0.1011 Elapsed time: 0:00:52.822807
	Finished training dataset 0. Progress: 1/1
	Finished vaildation dataset 0. Progress: 1/1
Epoch 13/20 done. Avg train loss: 0.0866. Avg val loss: 0.1004 Elapsed time: 0:00:52.217118
	Finished training dataset 0. Progress: 1/1
	Finished vaildation dataset 0. Progress: 1/1
Epoch 14/20 done. Avg train loss: 0.0865. Avg val loss: 0.0997 Elapsed time: 0:00:52.708145
	Finished training dataset 0. Progress: 1/1
	Finished vaildation dataset 0. Progress: 1/1
Epoch 15/20 done. Avg train loss: 0.0863. Avg val loss: 0.0993 Elapsed time: 0:00:52.093968
	Finished training dataset 0. Progress: 1/1
	Finished vaildation dataset 0. Progress: 1/1
Epoch 16/20 done. Avg train loss: 0.0860. Avg val loss: 0.0990 Elapsed time: 0:00:51.906974
	Finished training dataset 0. Progress: 1/1
	Finished vaildation dataset 0. Progress: 1/1
Epoch 17/20 done. Avg train loss: 0.0859. Avg val loss: 0.0985 Elapsed time: 0:00:52.971754
	Finished training dataset 0. Progress: 1/1
	Finished vaildation dataset 0. Progress: 1/1
Epoch 18/20 done. Avg train loss: 0.0858. Avg val loss: 0.0980 Elapsed time: 0:00:52.176081
	Finished training dataset 0. Progress: 1/1
	Finished vaildation dataset 0. Progress: 1/1
Epoch 19/20 done. Avg train loss: 0.0854. Avg val loss: 0.0978 Elapsed time: 0:00:52.510217
	Finished training dataset 0. Progress: 1/1
	Finished vaildation dataset 0. Progress: 1/1
Epoch 20/20 done. Avg train loss: 0.0855. Avg val loss: 0.0976 Elapsed time: 0:00:52.424604
saving model at epoch: 20
Finished model architectures_cpc.cpc_combined.CPCCombined. Output saved to dir: models/12_05_21-16-train/architectures_cpc.cpc_combined.CPCCombined4 Progress: 5/8
Begin training of architectures_cpc.cpc_combined.CPCCombined. Output will  be saved to dir: models/12_05_21-16-train/architectures_cpc.cpc_combined.CPCCombined5
Saving full model...
	Finished training dataset 0. Progress: 1/1
	Finished vaildation dataset 0. Progress: 1/1
Epoch 1/20 done. Avg train loss: 0.1021. Avg val loss: 0.1279 Elapsed time: 0:00:52.834204
	Finished training dataset 0. Progress: 1/1
	Finished vaildation dataset 0. Progress: 1/1
Epoch 2/20 done. Avg train loss: 0.0930. Avg val loss: 0.1257 Elapsed time: 0:00:52.130060
	Finished training dataset 0. Progress: 1/1
	Finished vaildation dataset 0. Progress: 1/1
Epoch 3/20 done. Avg train loss: 0.0879. Avg val loss: 0.1192 Elapsed time: 0:00:51.789945
	Finished training dataset 0. Progress: 1/1
	Finished vaildation dataset 0. Progress: 1/1
Epoch 4/20 done. Avg train loss: 0.0854. Avg val loss: 0.1273 Elapsed time: 0:00:51.766955
	Finished training dataset 0. Progress: 1/1
	Finished vaildation dataset 0. Progress: 1/1
Epoch 5/20 done. Avg train loss: 0.0842. Avg val loss: 0.1249 Elapsed time: 0:00:51.848489
	Finished training dataset 0. Progress: 1/1
	Finished vaildation dataset 0. Progress: 1/1
Epoch 6/20 done. Avg train loss: 0.0839. Avg val loss: 0.1295 Elapsed time: 0:00:51.937903
	Finished training dataset 0. Progress: 1/1
	Finished vaildation dataset 0. Progress: 1/1
Epoch 7/20 done. Avg train loss: 0.0837. Avg val loss: 0.1267 Elapsed time: 0:00:51.925489
	Finished training dataset 0. Progress: 1/1
	Finished vaildation dataset 0. Progress: 1/1
Epoch 8/20 done. Avg train loss: 0.0835. Avg val loss: 0.1286 Elapsed time: 0:00:52.163713
	Finished training dataset 0. Progress: 1/1
	Finished vaildation dataset 0. Progress: 1/1
Epoch 9/20 done. Avg train loss: 0.0830. Avg val loss: 0.1363 Elapsed time: 0:00:51.847585
	Finished training dataset 0. Progress: 1/1
	Finished vaildation dataset 0. Progress: 1/1
Epoch 10/20 done. Avg train loss: 0.0868. Avg val loss: 0.1253 Elapsed time: 0:00:52.324841
	Finished training dataset 0. Progress: 1/1
	Finished vaildation dataset 0. Progress: 1/1
Epoch 11/20 done. Avg train loss: 0.0870. Avg val loss: 0.1243 Elapsed time: 0:00:51.909524
	Finished training dataset 0. Progress: 1/1
	Finished vaildation dataset 0. Progress: 1/1
Epoch 12/20 done. Avg train loss: 0.0864. Avg val loss: 0.1263 Elapsed time: 0:00:52.135375
	Finished training dataset 0. Progress: 1/1
	Finished vaildation dataset 0. Progress: 1/1
Epoch 13/20 done. Avg train loss: 0.0858. Avg val loss: 0.1131 Elapsed time: 0:00:52.106934
	Finished training dataset 0. Progress: 1/1
	Finished vaildation dataset 0. Progress: 1/1
Epoch 14/20 done. Avg train loss: 0.0831. Avg val loss: 0.1104 Elapsed time: 0:00:52.862158
	Finished training dataset 0. Progress: 1/1
	Finished vaildation dataset 0. Progress: 1/1
Epoch 15/20 done. Avg train loss: 0.0814. Avg val loss: 0.1157 Elapsed time: 0:00:52.886503
	Finished training dataset 0. Progress: 1/1
	Finished vaildation dataset 0. Progress: 1/1
Epoch 16/20 done. Avg train loss: 0.0814. Avg val loss: 0.1149 Elapsed time: 0:00:52.761682
	Finished training dataset 0. Progress: 1/1
	Finished vaildation dataset 0. Progress: 1/1
Epoch 17/20 done. Avg train loss: 0.0843. Avg val loss: 0.1251 Elapsed time: 0:00:52.620213
	Finished training dataset 0. Progress: 1/1
	Finished vaildation dataset 0. Progress: 1/1
Epoch 18/20 done. Avg train loss: 0.0850. Avg val loss: 0.1163 Elapsed time: 0:00:52.708513
	Finished training dataset 0. Progress: 1/1
	Finished vaildation dataset 0. Progress: 1/1
Epoch 19/20 done. Avg train loss: 0.0836. Avg val loss: 0.1172 Elapsed time: 0:00:52.953843
	Finished training dataset 0. Progress: 1/1
	Finished vaildation dataset 0. Progress: 1/1
Epoch 20/20 done. Avg train loss: 0.0812. Avg val loss: 0.1196 Elapsed time: 0:00:52.602821
saving model at epoch: 20
Finished model architectures_cpc.cpc_combined.CPCCombined. Output saved to dir: models/12_05_21-16-train/architectures_cpc.cpc_combined.CPCCombined5 Progress: 6/8
Begin training of architectures_cpc.cpc_combined.CPCCombined. Output will  be saved to dir: models/12_05_21-16-train/architectures_cpc.cpc_combined.CPCCombined6
Saving full model...
	Finished training dataset 0. Progress: 1/1
	Finished vaildation dataset 0. Progress: 1/1
Epoch 1/20 done. Avg train loss: 0.0921. Avg val loss: 0.1532 Elapsed time: 0:00:53.029681
	Finished training dataset 0. Progress: 1/1
	Finished vaildation dataset 0. Progress: 1/1
Epoch 2/20 done. Avg train loss: 0.0876. Avg val loss: 0.1364 Elapsed time: 0:00:52.974070
	Finished training dataset 0. Progress: 1/1
	Finished vaildation dataset 0. Progress: 1/1
Epoch 3/20 done. Avg train loss: 0.0850. Avg val loss: 0.1251 Elapsed time: 0:00:52.937098
	Finished training dataset 0. Progress: 1/1
	Finished vaildation dataset 0. Progress: 1/1
Epoch 4/20 done. Avg train loss: 0.0831. Avg val loss: 0.1354 Elapsed time: 0:00:52.857668
	Finished training dataset 0. Progress: 1/1
	Finished vaildation dataset 0. Progress: 1/1
Epoch 5/20 done. Avg train loss: 0.0821. Avg val loss: 0.1420 Elapsed time: 0:00:52.877631
	Finished training dataset 0. Progress: 1/1
	Finished vaildation dataset 0. Progress: 1/1
Epoch 6/20 done. Avg train loss: 0.0813. Avg val loss: 0.1458 Elapsed time: 0:00:52.586986
	Finished training dataset 0. Progress: 1/1
	Finished vaildation dataset 0. Progress: 1/1
Epoch 7/20 done. Avg train loss: 0.0811. Avg val loss: 0.1377 Elapsed time: 0:00:52.673938
	Finished training dataset 0. Progress: 1/1
	Finished vaildation dataset 0. Progress: 1/1
Epoch 8/20 done. Avg train loss: 0.0794. Avg val loss: 0.1362 Elapsed time: 0:00:52.401098
	Finished training dataset 0. Progress: 1/1
	Finished vaildation dataset 0. Progress: 1/1
Epoch 9/20 done. Avg train loss: 0.0793. Avg val loss: 0.1329 Elapsed time: 0:00:52.869973
	Finished training dataset 0. Progress: 1/1
	Finished vaildation dataset 0. Progress: 1/1
Epoch 10/20 done. Avg train loss: 0.0817. Avg val loss: 0.1193 Elapsed time: 0:00:52.784823
	Finished training dataset 0. Progress: 1/1
	Finished vaildation dataset 0. Progress: 1/1
Epoch 11/20 done. Avg train loss: 0.0826. Avg val loss: 0.1166 Elapsed time: 0:00:52.465235
	Finished training dataset 0. Progress: 1/1
	Finished vaildation dataset 0. Progress: 1/1
Epoch 12/20 done. Avg train loss: 0.0822. Avg val loss: 0.1320 Elapsed time: 0:00:52.796073
	Finished training dataset 0. Progress: 1/1
	Finished vaildation dataset 0. Progress: 1/1
Epoch 13/20 done. Avg train loss: 0.0836. Avg val loss: 0.1255 Elapsed time: 0:00:52.621868
	Finished training dataset 0. Progress: 1/1
	Finished vaildation dataset 0. Progress: 1/1
Epoch 14/20 done. Avg train loss: 0.0829. Avg val loss: 0.1368 Elapsed time: 0:00:52.525295
	Finished training dataset 0. Progress: 1/1
	Finished vaildation dataset 0. Progress: 1/1
Epoch 15/20 done. Avg train loss: 0.0831. Avg val loss: 0.1329 Elapsed time: 0:00:52.559996
	Finished training dataset 0. Progress: 1/1
	Finished vaildation dataset 0. Progress: 1/1
Epoch 16/20 done. Avg train loss: 0.0819. Avg val loss: 0.1106 Elapsed time: 0:00:52.802116
	Finished training dataset 0. Progress: 1/1
	Finished vaildation dataset 0. Progress: 1/1
Epoch 17/20 done. Avg train loss: 0.0783. Avg val loss: 0.1129 Elapsed time: 0:00:52.802515
	Finished training dataset 0. Progress: 1/1
	Finished vaildation dataset 0. Progress: 1/1
Epoch 18/20 done. Avg train loss: 0.0767. Avg val loss: 0.1314 Elapsed time: 0:00:52.547552
	Finished training dataset 0. Progress: 1/1
	Finished vaildation dataset 0. Progress: 1/1
Epoch 19/20 done. Avg train loss: 0.0768. Avg val loss: 0.1365 Elapsed time: 0:00:52.791806
	Finished training dataset 0. Progress: 1/1
	Finished vaildation dataset 0. Progress: 1/1
Epoch 20/20 done. Avg train loss: 0.0768. Avg val loss: 0.1371 Elapsed time: 0:00:52.579426
saving model at epoch: 20
Finished model architectures_cpc.cpc_combined.CPCCombined. Output saved to dir: models/12_05_21-16-train/architectures_cpc.cpc_combined.CPCCombined6 Progress: 7/8
Begin training of architectures_cpc.cpc_combined.CPCCombined. Output will  be saved to dir: models/12_05_21-16-train/architectures_cpc.cpc_combined.CPCCombined7
Saving full model...
	Finished training dataset 0. Progress: 1/1
	Finished vaildation dataset 0. Progress: 1/1
Epoch 1/20 done. Avg train loss: 0.1138. Avg val loss: 0.1108 Elapsed time: 0:00:52.631888
	Finished training dataset 0. Progress: 1/1
	Finished vaildation dataset 0. Progress: 1/1
Epoch 2/20 done. Avg train loss: 0.1088. Avg val loss: 0.1073 Elapsed time: 0:00:52.699849
	Finished training dataset 0. Progress: 1/1
	Finished vaildation dataset 0. Progress: 1/1
Epoch 3/20 done. Avg train loss: 0.1058. Avg val loss: 0.1050 Elapsed time: 0:00:52.750313
	Finished training dataset 0. Progress: 1/1
	Finished vaildation dataset 0. Progress: 1/1
Epoch 4/20 done. Avg train loss: 0.1036. Avg val loss: 0.1030 Elapsed time: 0:00:52.461464
	Finished training dataset 0. Progress: 1/1
	Finished vaildation dataset 0. Progress: 1/1
Epoch 5/20 done. Avg train loss: 0.1020. Avg val loss: 0.1016 Elapsed time: 0:00:52.631211
	Finished training dataset 0. Progress: 1/1
	Finished vaildation dataset 0. Progress: 1/1
Epoch 6/20 done. Avg train loss: 0.1005. Avg val loss: 0.1003 Elapsed time: 0:00:52.643667
	Finished training dataset 0. Progress: 1/1
	Finished vaildation dataset 0. Progress: 1/1
Epoch 7/20 done. Avg train loss: 0.0993. Avg val loss: 0.0992 Elapsed time: 0:00:52.403355
	Finished training dataset 0. Progress: 1/1
	Finished vaildation dataset 0. Progress: 1/1
Epoch 8/20 done. Avg train loss: 0.0985. Avg val loss: 0.0984 Elapsed time: 0:00:52.336065
	Finished training dataset 0. Progress: 1/1
	Finished vaildation dataset 0. Progress: 1/1
Epoch 9/20 done. Avg train loss: 0.0975. Avg val loss: 0.0975 Elapsed time: 0:00:52.616935
	Finished training dataset 0. Progress: 1/1
	Finished vaildation dataset 0. Progress: 1/1
Epoch 10/20 done. Avg train loss: 0.0969. Avg val loss: 0.0970 Elapsed time: 0:00:52.669002
	Finished training dataset 0. Progress: 1/1
	Finished vaildation dataset 0. Progress: 1/1
Epoch 11/20 done. Avg train loss: 0.0962. Avg val loss: 0.0964 Elapsed time: 0:00:52.616491
	Finished training dataset 0. Progress: 1/1
	Finished vaildation dataset 0. Progress: 1/1
Epoch 12/20 done. Avg train loss: 0.0955. Avg val loss: 0.0958 Elapsed time: 0:00:52.597214
	Finished training dataset 0. Progress: 1/1
	Finished vaildation dataset 0. Progress: 1/1
Epoch 13/20 done. Avg train loss: 0.0951. Avg val loss: 0.0955 Elapsed time: 0:00:52.612978
	Finished training dataset 0. Progress: 1/1
	Finished vaildation dataset 0. Progress: 1/1
Epoch 14/20 done. Avg train loss: 0.0947. Avg val loss: 0.0951 Elapsed time: 0:00:52.592359
	Finished training dataset 0. Progress: 1/1
	Finished vaildation dataset 0. Progress: 1/1
Epoch 15/20 done. Avg train loss: 0.0944. Avg val loss: 0.0948 Elapsed time: 0:00:52.612850
	Finished training dataset 0. Progress: 1/1
	Finished vaildation dataset 0. Progress: 1/1
Epoch 16/20 done. Avg train loss: 0.0939. Avg val loss: 0.0945 Elapsed time: 0:00:52.645470
	Finished training dataset 0. Progress: 1/1
	Finished vaildation dataset 0. Progress: 1/1
Epoch 17/20 done. Avg train loss: 0.0936. Avg val loss: 0.0941 Elapsed time: 0:00:52.701636
	Finished training dataset 0. Progress: 1/1
	Finished vaildation dataset 0. Progress: 1/1
Epoch 18/20 done. Avg train loss: 0.0932. Avg val loss: 0.0938 Elapsed time: 0:00:52.751080
	Finished training dataset 0. Progress: 1/1
	Finished vaildation dataset 0. Progress: 1/1
Epoch 19/20 done. Avg train loss: 0.0932. Avg val loss: 0.0936 Elapsed time: 0:00:52.599749
	Finished training dataset 0. Progress: 1/1
	Finished vaildation dataset 0. Progress: 1/1
Epoch 20/20 done. Avg train loss: 0.0928. Avg val loss: 0.0934 Elapsed time: 0:00:52.748290
saving model at epoch: 20
Finished model architectures_cpc.cpc_combined.CPCCombined. Output saved to dir: models/12_05_21-16-train/architectures_cpc.cpc_combined.CPCCombined7 Progress: 8/8
